execve("./fork", ["./fork"], 0xfffff019e630 /* 37 vars */) = 0
brk(NULL)                               = 0xaaaaeb370000
mmap(NULL, 8192, PROT_READ|PROT_WRITE, MAP_PRIVATE|MAP_ANONYMOUS, -1, 0) = 0xffffbb49b000
faccessat(AT_FDCWD, "/etc/ld.so.preload", R_OK) = -1 ENOENT (No such file or directory)
openat(AT_FDCWD, "/etc/ld.so.cache", O_RDONLY|O_CLOEXEC) = 3
newfstatat(3, "", {st_mode=S_IFREG|0644, st_size=30659, ...}, AT_EMPTY_PATH) = 0
mmap(NULL, 30659, PROT_READ, MAP_PRIVATE, 3, 0) = 0xffffbb493000
close(3)                                = 0
openat(AT_FDCWD, "/lib/aarch64-linux-gnu/libc.so.6", O_RDONLY|O_CLOEXEC) = 3
read(3, "\177ELF\2\1\1\3\0\0\0\0\0\0\0\0\3\0\267\0\1\0\0\0\340u\2\0\0\0\0\0"..., 832) = 832
newfstatat(3, "", {st_mode=S_IFREG|0755, st_size=1637400, ...}, AT_EMPTY_PATH) = 0
mmap(NULL, 1805928, PROT_NONE, MAP_PRIVATE|MAP_ANONYMOUS, -1, 0) = 0xffffbb2ad000
mmap(0xffffbb2b0000, 1740392, PROT_READ|PROT_EXEC, MAP_PRIVATE|MAP_FIXED|MAP_DENYWRITE, 3, 0) = 0xffffbb2b0000
munmap(0xffffbb2ad000, 12288)           = 0
munmap(0xffffbb459000, 52840)           = 0
mprotect(0xffffbb438000, 61440, PROT_NONE) = 0
mmap(0xffffbb447000, 24576, PROT_READ|PROT_WRITE, MAP_PRIVATE|MAP_FIXED|MAP_DENYWRITE, 3, 0x187000) = 0xffffbb447000
mmap(0xffffbb44d000, 48744, PROT_READ|PROT_WRITE, MAP_PRIVATE|MAP_FIXED|MAP_ANONYMOUS, -1, 0) = 0xffffbb44d000
close(3)                                = 0
set_tid_address(0xffffbb49bf30)         = 4929
set_robust_list(0xffffbb49bf40, 24)     = 0
rseq(0xffffbb49c600, 0x20, 0, 0xd428bc00) = 0
mprotect(0xffffbb447000, 16384, PROT_READ) = 0
mprotect(0xaaaae44a0000, 4096, PROT_READ) = 0
mprotect(0xffffbb4a0000, 8192, PROT_READ) = 0
prlimit64(0, RLIMIT_STACK, NULL, {rlim_cur=8192*1024, rlim_max=RLIM64_INFINITY}) = 0
munmap(0xffffbb493000, 30659)           = 0
clone(child_stack=NULL, flags=CLONE_CHILD_CLEARTID|CLONE_CHILD_SETTID|SIGCHLD, child_tidptr=0xffffbb49bf30) = 4930
getpid()                                = 4929
newfstatat(1, "", {st_mode=S_IFCHR|0620, st_rdev=makedev(0x88, 0x5), ...}, AT_EMPTY_PATH) = 0
getrandom("\x48\xb5\xf2\x46\x79\xd7\x9b\x6d", 8, GRND_NONBLOCK) = 8
--- SIGCHLD {si_signo=SIGCHLD, si_code=CLD_EXITED, si_pid=4930, si_uid=1000, si_status=0, si_utime=0, si_stime=0} ---
brk(NULL)                               = 0xaaaaeb370000
brk(0xaaaaeb391000)                     = 0xaaaaeb391000
write(1, "I am the parent! My PID is 4929 "..., 65) = 65
exit_group(0)                           = ?
+++ exited with 0 +++
