execve("./fork", ["./fork"], 0x7ffed340d3e0 /* 49 vars */) = 0
brk(NULL)                               = 0x55a821aa7000
arch_prctl(0x3001 /* ARCH_??? */, 0x7ffe98798010) = -1 EINVAL (Invalid argument)
mmap(NULL, 8192, PROT_READ|PROT_WRITE, MAP_PRIVATE|MAP_ANONYMOUS, -1, 0) = 0x7fa2a7378000
access("/etc/ld.so.preload", R_OK)      = -1 ENOENT (No such file or directory)
openat(AT_FDCWD, "/etc/ld.so.cache", O_RDONLY|O_CLOEXEC) = 3
newfstatat(3, "", {st_mode=S_IFREG|0644, st_size=51679, ...}, AT_EMPTY_PATH) = 0
mmap(NULL, 51679, PROT_READ, MAP_PRIVATE, 3, 0) = 0x7fa2a736b000
close(3)                                = 0
openat(AT_FDCWD, "/lib/x86_64-linux-gnu/libc.so.6", O_RDONLY|O_CLOEXEC) = 3
read(3, "\177ELF\2\1\1\3\0\0\0\0\0\0\0\0\3\0>\0\1\0\0\0P\237\2\0\0\0\0\0"..., 832) = 832
pread64(3, "\6\0\0\0\4\0\0\0@\0\0\0\0\0\0\0@\0\0\0\0\0\0\0@\0\0\0\0\0\0\0"..., 784, 64) = 784
pread64(3, "\4\0\0\0 \0\0\0\5\0\0\0GNU\0\2\0\0\300\4\0\0\0\3\0\0\0\0\0\0\0"..., 48, 848) = 48
pread64(3, "\4\0\0\0\24\0\0\0\3\0\0\0GNU\0\302\211\332Pq\2439\235\350\223\322\257\201\326\243\f"..., 68, 896) = 68
newfstatat(3, "", {st_mode=S_IFREG|0755, st_size=2220400, ...}, AT_EMPTY_PATH) = 0
pread64(3, "\6\0\0\0\4\0\0\0@\0\0\0\0\0\0\0@\0\0\0\0\0\0\0@\0\0\0\0\0\0\0"..., 784, 64) = 784
mmap(NULL, 2264656, PROT_READ, MAP_PRIVATE|MAP_DENYWRITE, 3, 0) = 0x7fa2a7142000
mprotect(0x7fa2a716a000, 2023424, PROT_NONE) = 0
mmap(0x7fa2a716a000, 1658880, PROT_READ|PROT_EXEC, MAP_PRIVATE|MAP_FIXED|MAP_DENYWRITE, 3, 0x28000) = 0x7fa2a716a000
mmap(0x7fa2a72ff000, 360448, PROT_READ, MAP_PRIVATE|MAP_FIXED|MAP_DENYWRITE, 3, 0x1bd000) = 0x7fa2a72ff000
mmap(0x7fa2a7358000, 24576, PROT_READ|PROT_WRITE, MAP_PRIVATE|MAP_FIXED|MAP_DENYWRITE, 3, 0x215000) = 0x7fa2a7358000
mmap(0x7fa2a735e000, 52816, PROT_READ|PROT_WRITE, MAP_PRIVATE|MAP_FIXED|MAP_ANONYMOUS, -1, 0) = 0x7fa2a735e000
close(3)                                = 0
mmap(NULL, 12288, PROT_READ|PROT_WRITE, MAP_PRIVATE|MAP_ANONYMOUS, -1, 0) = 0x7fa2a713f000
arch_prctl(ARCH_SET_FS, 0x7fa2a713f740) = 0
set_tid_address(0x7fa2a713fa10)         = 155101
set_robust_list(0x7fa2a713fa20, 24)     = 0
rseq(0x7fa2a71400e0, 0x20, 0, 0x53053053) = 0
mprotect(0x7fa2a7358000, 16384, PROT_READ) = 0
mprotect(0x55a81ff5a000, 4096, PROT_READ) = 0
mprotect(0x7fa2a73b2000, 8192, PROT_READ) = 0
prlimit64(0, RLIMIT_STACK, NULL, {rlim_cur=8192*1024, rlim_max=RLIM64_INFINITY}) = 0
munmap(0x7fa2a736b000, 51679)           = 0
clone(child_stack=NULL, flags=CLONE_CHILD_CLEARTID|CLONE_CHILD_SETTID|SIGCHLD, child_tidptr=0x7fa2a713fa10) = 155102
getpid()                                = 155101
--- SIGCHLD {si_signo=SIGCHLD, si_code=CLD_EXITED, si_pid=155102, si_uid=1000, si_status=0, si_utime=0, si_stime=0} ---
newfstatat(1, "", {st_mode=S_IFCHR|0620, st_rdev=makedev(0x88, 0x6), ...}, AT_EMPTY_PATH) = 0
getrandom("\x9e\xf1\x6a\xa2\xdf\x20\xce\xba", 8, GRND_NONBLOCK) = 8
brk(NULL)                               = 0x55a821aa7000
brk(0x55a821ac8000)                     = 0x55a821ac8000
write(1, "I am the parent! My PID is 15510"..., 69) = 69
exit_group(0)                           = ?
+++ exited with 0 +++
